<?xml version="1.0" encoding="UTF-8"?>
<!-- Generated by org.testng.reporters.JUnitXMLReporter -->
<testsuite hostname="CompIndia-PC" ignored="0" name="Default test" tests="3" failures="0" timestamp="27 Feb 2020 12:30:57 GMT" time="0.078" errors="0">
  <testcase name="A" time="0.016" classname="practice.Selenium_Maven_Practice.One"/>
  <testcase name="C" time="0.002" classname="practice.Selenium_Maven_Practice.One"/>
  <testcase name="Z" time="0.006" classname="practice.Selenium_Maven_Practice.One"/>
</testsuite> <!-- Default test -->
