<?xml version="1.0" encoding="UTF-8"?>
<!-- Generated by org.testng.reporters.JUnitXMLReporter -->
<testsuite hostname="CompIndia-PC" ignored="2" name="Test(failed)(failed)" tests="1" failures="0" timestamp="28 Feb 2020 09:29:10 GMT" time="0.055" errors="0">
  <testcase name="D" time="0.015" classname="practice.Selenium_Maven_Practice.Two"/>
  <testcase name="F" time="0.0" classname="practice.Selenium_Maven_Practice.Two">
    <ignored/>
  </testcase> <!-- F -->
  <testcase name="E" time="0.0" classname="practice.Selenium_Maven_Practice.Two">
    <ignored/>
  </testcase> <!-- E -->
</testsuite> <!-- Test(failed)(failed) -->
