<?xml version="1.0" encoding="UTF-8"?>
<!-- Generated by org.testng.reporters.JUnitXMLReporter -->
<testsuite hostname="CompIndia-PC" ignored="0" name="Test" tests="6" failures="0" timestamp="27 Feb 2020 12:35:01 GMT" time="0.079" errors="0">
  <testcase name="A" time="0.014" classname="practice.Selenium_Maven_Practice.One"/>
  <testcase name="B" time="0.003" classname="practice.Selenium_Maven_Practice.One"/>
  <testcase name="C" time="0.002" classname="practice.Selenium_Maven_Practice.One"/>
  <testcase name="D" time="0.002" classname="practice.Selenium_Maven_Practice.Two"/>
  <testcase name="E" time="0.003" classname="practice.Selenium_Maven_Practice.Two"/>
  <testcase name="F" time="0.002" classname="practice.Selenium_Maven_Practice.Two"/>
</testsuite> <!-- Test -->
