<?xml version="1.0" encoding="UTF-8"?>
<testng-results skipped="0" failed="0" ignored="0" total="6" passed="6">
  <reporter-output>
  </reporter-output>
  <suite name="Suite" duration-ms="79" started-at="2020-02-27T12:35:01Z" finished-at="2020-02-27T12:35:01Z">
    <groups>
    </groups>
    <test name="Test" duration-ms="79" started-at="2020-02-27T12:35:01Z" finished-at="2020-02-27T12:35:01Z">
      <class name="practice.Selenium_Maven_Practice.Two">
        <test-method status="PASS" signature="D()[pri:4, instance:practice.Selenium_Maven_Practice.Two@55f3ddb1]" name="D" duration-ms="2" started-at="2020-02-27T12:35:01Z" finished-at="2020-02-27T12:35:01Z">
          <reporter-output>
          </reporter-output>
        </test-method> <!-- D -->
        <test-method status="PASS" signature="E()[pri:5, instance:practice.Selenium_Maven_Practice.Two@55f3ddb1]" name="E" duration-ms="3" started-at="2020-02-27T12:35:01Z" finished-at="2020-02-27T12:35:01Z">
          <reporter-output>
          </reporter-output>
        </test-method> <!-- E -->
        <test-method status="PASS" signature="F()[pri:6, instance:practice.Selenium_Maven_Practice.Two@55f3ddb1]" name="F" duration-ms="2" started-at="2020-02-27T12:35:01Z" finished-at="2020-02-27T12:35:01Z">
          <reporter-output>
          </reporter-output>
        </test-method> <!-- F -->
      </class> <!-- practice.Selenium_Maven_Practice.Two -->
      <class name="practice.Selenium_Maven_Practice.One">
        <test-method status="PASS" signature="A()[pri:1, instance:practice.Selenium_Maven_Practice.One@29ee9faa]" name="A" duration-ms="14" started-at="2020-02-27T12:35:01Z" finished-at="2020-02-27T12:35:01Z">
          <reporter-output>
          </reporter-output>
        </test-method> <!-- A -->
        <test-method status="PASS" signature="B()[pri:2, instance:practice.Selenium_Maven_Practice.One@29ee9faa]" name="B" duration-ms="3" started-at="2020-02-27T12:35:01Z" finished-at="2020-02-27T12:35:01Z">
          <reporter-output>
          </reporter-output>
        </test-method> <!-- B -->
        <test-method status="PASS" signature="C()[pri:3, instance:practice.Selenium_Maven_Practice.One@29ee9faa]" name="C" duration-ms="2" started-at="2020-02-27T12:35:01Z" finished-at="2020-02-27T12:35:01Z">
          <reporter-output>
          </reporter-output>
        </test-method> <!-- C -->
      </class> <!-- practice.Selenium_Maven_Practice.One -->
    </test> <!-- Test -->
  </suite> <!-- Suite -->
</testng-results>
